<?xml version="1.0" encoding="UTF-8"?>
<!-- Generated by org.testng.reporters.JUnitReportReporter -->
<testsuite hostname="DESKTOP-VTNNO66" failures="0" tests="2" name="Pac2.Org" time="0.022" errors="0" timestamp="2024-09-19T15:05:54 IST" skipped="0">
  <testcase classname="Pac2.Org" name="modifyOrgTest" time="0.004"/>
  <system-out/>
  <testcase classname="Pac2.Org" name="createOrgTest" time="0.018"/>
  <system-out/>
</testsuite> <!-- Pac2.Org -->
