<?xml version="1.0" encoding="UTF-8"?>
<!-- Generated by org.testng.reporters.JUnitReportReporter -->
<testsuite hostname="DESKTOP-VTNNO66" failures="0" tests="2" name="Pac1.ContactTest" time="0.029" errors="0" timestamp="2024-09-19T14:59:44 IST" skipped="0">
  <testcase classname="Pac1.ContactTest" name="modifyContactTest" time="0.003"/>
  <system-out/>
  <testcase classname="Pac1.ContactTest" name="createContactTest" time="0.026"/>
  <system-out/>
</testsuite> <!-- Pac1.ContactTest -->
